<?xml version="1.0" encoding="UTF-8"?>
<robot generator="Robot 3.1.2 (Python 3.8.2 on win32)" generated="20200407 17:14:46.870" rpa="false">
<suite id="s1" name="Example" source="c:\Users\klao\Documents\Personal\tmp\example.robot">
<test id="s1-t1" name="Example">
<kw name="Should Be Equal" library="BuiltIn">
<doc>Fails if the given objects are unequal.</doc>
<arguments>
<arg>${CONFIG.Environment.username}</arg>
<arg>username@mail.com</arg>
</arguments>
<status status="PASS" starttime="20200407 17:14:46.901" endtime="20200407 17:14:46.901"></status>
</kw>
<kw name="Should Be Equal" library="BuiltIn">
<doc>Fails if the given objects are unequal.</doc>
<arguments>
<arg>${CONFIG.Environment.password}</arg>
<arg>testpassword</arg>
</arguments>
<status status="PASS" starttime="20200407 17:14:46.901" endtime="20200407 17:14:46.901"></status>
</kw>
<kw name="Should Be Equal" library="BuiltIn">
<doc>Fails if the given objects are unequal.</doc>
<arguments>
<arg>${CONFIG.WebUI.login_url}</arg>
<arg>http://testsite.net/</arg>
</arguments>
<status status="PASS" starttime="20200407 17:14:46.901" endtime="20200407 17:14:46.902"></status>
</kw>
<status status="PASS" starttime="20200407 17:14:46.900" endtime="20200407 17:14:46.902" critical="yes"></status>
</test>
<status status="PASS" starttime="20200407 17:14:46.872" endtime="20200407 17:14:46.902"></status>
</suite>
<statistics>
<total>
<stat pass="1" fail="0">Critical Tests</stat>
<stat pass="1" fail="0">All Tests</stat>
</total>
<tag>
</tag>
<suite>
<stat pass="1" fail="0" id="s1" name="Example">Example</stat>
</suite>
</statistics>
<errors>
</errors>
</robot>
